<?xml version="1.0" encoding="UTF-8"?>
<!-- Generated by org.testng.reporters.JUnitReportReporter -->
<testsuite hostname="DESKTOP-DN1JJDS" failures="0" tests="1" name="org.mavenproject.AppTest" time="0.007" errors="0" timestamp="2023-05-31T20:59:28 IST" skipped="0">
  <testcase classname="org.mavenproject.AppTest" name="shouldAnswerWithTrue" time="0.007"/>
</testsuite> <!-- org.mavenproject.AppTest -->
