<?xml version="1.0" encoding="UTF-8"?>
<!-- Generated by org.testng.reporters.JUnitReportReporter -->
<testsuite hostname="DESKTOP-DN1JJDS" failures="0" tests="1" name="Testcases.Testclass1" time="68.380" errors="0" timestamp="2023-05-31T17:14:07 IST" skipped="0">
  <testcase classname="Testcases.Testclass1" name="main2" time="68.380"/>
  <system-out/>
</testsuite> <!-- Testcases.Testclass1 -->
